<?xml version="1.0" encoding="UTF-8"?>
<testng-results skipped="0" failed="0" total="1" passed="1">
  <reporter-output>
  </reporter-output>
  <suite name="Surefire suite" duration-ms="54" started-at="2020-08-15T17:10:27Z" finished-at="2020-08-15T17:10:27Z">
    <groups>
    </groups>
    <test name="Surefire test" duration-ms="54" started-at="2020-08-15T17:10:27Z" finished-at="2020-08-15T17:10:27Z">
      <class name="org.amit.AppTest">
        <test-method status="PASS" signature="shouldAnswerWithTrue()[pri:0, instance:shouldAnswerWithTrue(org.amit.AppTest)]" name="shouldAnswerWithTrue" duration-ms="4" started-at="2020-08-15T22:40:27Z" finished-at="2020-08-15T22:40:27Z">
          <reporter-output>
          </reporter-output>
        </test-method> <!-- shouldAnswerWithTrue -->
      </class> <!-- org.amit.AppTest -->
    </test> <!-- Surefire test -->
  </suite> <!-- Surefire suite -->
</testng-results>
