<?xml version="1.0" encoding="UTF-8"?>
<!-- Generated by org.testng.reporters.JUnitXMLReporter -->
<testsuite hostname="LK-LP-736.local" name="Surefire test" tests="6" failures="0" timestamp="15 Aug 2020 17:10:22 GMT" time="5.2" errors="0">
  <testcase name="seachAllUserTest" time="2.77" classname="org.amit.tests.testcases.SeachUsersTest"/>
  <testcase name="seachAllUserTest" time="0.369" classname="org.amit.tests.testcases.SeachUsersTest"/>
  <testcase name="seachAllUserTest" time="0.329" classname="org.amit.tests.testcases.SeachUsersTest"/>
  <testcase name="seachSpecificUserTest" time="0.399" classname="org.amit.tests.testcases.SeachUsersTest"/>
  <testcase name="seachSpecificUserTest" time="0.34" classname="org.amit.tests.testcases.SeachUsersTest"/>
  <testcase name="seachSpecificUserTest" time="0.523" classname="org.amit.tests.testcases.SeachUsersTest"/>
</testsuite> <!-- Surefire test -->
